0 verbose cli G:\NodeJs\node.exe G:\NodeJs\node_modules\npm\bin\npm-cli.js
1 info using npm@10.2.4
2 info using node@v20.11.0
3 timing npm:load:whichnode Completed in 2ms
4 timing config:load:defaults Completed in 2ms
5 timing config:load:file:G:\NodeJs\node_modules\npm\npmrc Completed in 2ms
6 timing config:load:builtin Completed in 2ms
7 timing config:load:cli Completed in 2ms
8 timing config:load:env Completed in 0ms
9 timing config:load:file:G:\bootcamp\Raccoon-React-Portfolio\.npmrc Completed in 0ms
10 timing config:load:project Completed in 2ms
11 timing config:load:file:C:\Users\Jason\.npmrc Completed in 0ms
12 timing config:load:user Completed in 0ms
13 timing config:load:file:G:\bootcamp\Raccoon-React-Portfolio\NodeJsnode_global\etc\npmrc Completed in 0ms
14 timing config:load:global Completed in 0ms
15 timing config:load:setEnvs Completed in 0ms
16 timing config:load Completed in 9ms
17 timing npm:load:configload Completed in 9ms
18 timing config:load:flatten Completed in 1ms
19 timing npm:load:mkdirpcache Completed in 0ms
20 timing npm:load:mkdirplogs Completed in 0ms
21 verbose title npm run dev
22 verbose argv "run" "dev"
23 timing npm:load:setTitle Completed in 1ms
24 timing npm:load:display Completed in 0ms
25 verbose logfile logs-max:10 dir:G:\bootcamp\Raccoon-React-Portfolio\NodeJsnode_cache\_logs\2024-04-12T17_15_42_720Z-
26 verbose logfile G:\bootcamp\Raccoon-React-Portfolio\NodeJsnode_cache\_logs\2024-04-12T17_15_42_720Z-debug-0.log
27 timing npm:load:logFile Completed in 17ms
28 timing npm:load:timers Completed in 0ms
29 timing npm:load:configScope Completed in 0ms
30 timing npm:load Completed in 57ms
31 timing command:run Completed in 160ms
32 verbose stack Error: Could not read package.json: Error: ENOENT: no such file or directory, open 'G:\bootcamp\Raccoon-React-Portfolio\package.json'
33 verbose cwd G:\bootcamp\Raccoon-React-Portfolio
34 verbose Windows_NT 10.0.22621
35 verbose node v20.11.0
36 verbose npm  v10.2.4
37 error code ENOENT
38 error syscall open
39 error path G:\bootcamp\Raccoon-React-Portfolio\package.json
40 error errno -4058
41 error enoent Could not read package.json: Error: ENOENT: no such file or directory, open 'G:\bootcamp\Raccoon-React-Portfolio\package.json'
42 error enoent This is related to npm not being able to find a file.
42 error enoent
43 verbose exit -4058
44 timing npm Completed in 301ms
45 verbose code -4058
46 error A complete log of this run can be found in: G:\bootcamp\Raccoon-React-Portfolio\NodeJsnode_cache\_logs\2024-04-12T17_15_42_720Z-debug-0.log
